+--------------------------------------------+
|         RUNNING LINUCB EXPERIMENTS         |
+--------------------------------------------+
+------------------------------------------------+
|         RUNNING SEQUENTIAL EXPERIMENTS         |
+------------------------------------------------+
+-------------------------------------------------------+
|         Trying alpha = 0.3, lambda = 1, p = 1         |
+-------------------------------------------------------+
+---------------------------------------------------------+
|         total reward earned from Linucb: 9338.0         |
+---------------------------------------------------------+
Num times selected each bandit: [92240, 50452, 67258, 14580, 41198, 54469, 73621, 104021, 48153, 55542, 77324, 1755, 60047, 72089, 70734, 92018, 77319, 75006, 70734, 77321, 74247, 19884, 90958, 185457, 70953, 245713, 92026, 92013, 77353, 73642, 0, 92302, 155953, 91739, 707459, 91660, 92425, 75057, 91957, 92108, 68214, 92244, 92332, 92442, 92614, 92614, 92481, 92612, 93487, 84165]
Doubling Rounds: 0
+----------------------------------------------------+
|         DURATION FOR P = 1: 2:46:30.192326         |
+----------------------------------------------------+
+---------------------------------------------+
|         RUNNING NONLAZY EXPERIMENTS         |
+---------------------------------------------+
+----------------------------------------------------------+
|         Trying alpha = 0.3, lambda = 1, p = 1000         |
+----------------------------------------------------------+
+---------------------------------------------------------+
|         total reward earned from Linucb: 9160.0         |
+---------------------------------------------------------+
Num times selected each bandit: [0, 0, 4573, 0, 0, 0, 0, 1537, 259333, 0, 0, 0, 0, 0, 0, 0, 0, 0, 18423, 0, 0, 0, 4280727, 3586, 0, 3420, 0, 0, 0, 0, 0, 0, 2511, 0, 3105, 0, 0, 0, 0, 0, 0, 0, 0, 102530, 0, 0, 2247, 0, 0, 0]
Doubling Rounds: 0
+-------------------------------------------------------+
|         DURATION FOR P = 1000: 0:47:54.540462         |
+-------------------------------------------------------+
+----------------------------------------------+
|         RUNNING THOMPSON EXPERIMENTS         |
+----------------------------------------------+
+------------------------------------------------+
|         RUNNING SEQUENTIAL EXPERIMENTS         |
+------------------------------------------------+
Total reward earned from Thompson: 9592.0
Num times selected each bandit: [1597307, 665152, 368607, 0, 3, 160431, 360226, 398433, 19235, 90369, 83, 2, 4246, 9675, 3065, 58711, 37, 22108, 52, 1809, 131, 3, 385732, 45829, 856, 77495, 12567, 12299, 11787, 8630, 0, 10084, 14929, 5675, 57334, 21303, 159157, 25221, 6374, 3831, 1716, 3284, 25461, 3469, 2566, 2613, 3150, 16157, 3638, 1150]
Doubling Rounds: 0
+----------------------------------------------------+
|         DURATION FOR P = 1: 1:41:41.842141         |
+----------------------------------------------------+
+---------------------------------------------+
|         RUNNING NONLAZY EXPERIMENTS         |
+---------------------------------------------+
Total reward earned from Thompson: 8789.0
Num times selected each bandit: [677, 0, 611, 0, 0, 0, 2, 3471, 56, 188, 1507, 496, 7, 14, 16, 24, 19, 23, 731066, 482, 1323856, 1, 60198, 10588, 123, 4585, 23041, 1263510, 13364, 810231, 0, 20809, 1949, 17101, 2283, 106997, 20563, 13334, 31283, 42719, 1896, 21344, 18848, 15449, 14971, 16711, 23506, 47118, 15196, 1759]
Doubling Rounds: 0
+-------------------------------------------------------+
|         DURATION FOR P = 1000: 0:50:40.182774         |
+-------------------------------------------------------+
