+--------------------------------------------+
|         RUNNING LINUCB EXPERIMENTS         |
+--------------------------------------------+
+------------------------------------------------+
|         RUNNING SEQUENTIAL EXPERIMENTS         |
+------------------------------------------------+
+-------------------------------------------------------+
|         Trying alpha = 0.3, lambda = 1, p = 1         |
+-------------------------------------------------------+
+---------------------------------------------------------+
|         total reward earned from Linucb: 9159.0         |
+---------------------------------------------------------+
Num times selected each bandit: [0, 0, 0, 0, 0, 0, 0, 0, 278785, 0, 0, 0, 0, 0, 0, 0, 0, 0, 2, 0, 0, 0, 4298428, 0, 0, 0, 0, 0, 0, 0, 0, 0, 0, 0, 0, 0, 0, 0, 0, 0, 0, 0, 0, 104777, 0, 0, 0, 0, 0, 0]
Doubling Rounds: 0
+----------------------------------------------------+
|         DURATION FOR P = 1: 1:44:03.103975         |
+----------------------------------------------------+
+---------------------------------------------+
|         RUNNING NONLAZY EXPERIMENTS         |
+---------------------------------------------+
+----------------------------------------------------------+
|         Trying alpha = 0.3, lambda = 1, p = 1000         |
+----------------------------------------------------------+
+---------------------------------------------------------+
|         total reward earned from Linucb: 9160.0         |
+---------------------------------------------------------+
Num times selected each bandit: [0, 0, 4573, 0, 0, 0, 0, 1537, 259333, 0, 0, 0, 0, 0, 0, 0, 0, 0, 18423, 0, 0, 0, 4280727, 3586, 0, 3420, 0, 0, 0, 0, 0, 0, 2511, 0, 3105, 0, 0, 0, 0, 0, 0, 0, 0, 102530, 0, 0, 2247, 0, 0, 0]
Doubling Rounds: 0
+-------------------------------------------------------+
|         DURATION FOR P = 1000: 0:48:39.128423         |
+-------------------------------------------------------+
+----------------------------------------------+
|         RUNNING THOMPSON EXPERIMENTS         |
+----------------------------------------------+
+------------------------------------------------+
|         RUNNING SEQUENTIAL EXPERIMENTS         |
+------------------------------------------------+
Total reward earned from Thompson: 8756.0
Num times selected each bandit: [765, 0, 357, 0, 2, 1, 1, 2492, 48, 177, 1854, 526, 2, 3, 24, 3, 6, 8, 737558, 553, 1350846, 1, 67714, 8811, 139, 5940, 27239, 1212302, 15567, 783241, 0, 24763, 583, 20025, 642, 107421, 23545, 16399, 35352, 42003, 1985, 22477, 19799, 16174, 15108, 17084, 24802, 59418, 16449, 1783]
Doubling Rounds: 0
+----------------------------------------------------+
|         DURATION FOR P = 1: 1:51:29.039327         |
+----------------------------------------------------+
+---------------------------------------------+
|         RUNNING NONLAZY EXPERIMENTS         |
+---------------------------------------------+
Total reward earned from Thompson: 8758.0
Num times selected each bandit: [732, 0, 749, 0, 0, 0, 1, 3148, 68, 215, 1911, 593, 0, 9, 10, 20, 15, 21, 737239, 553, 1336352, 3, 63811, 10228, 148, 6191, 25871, 1235486, 15378, 789851, 0, 23516, 1789, 19170, 2623, 106451, 23037, 15285, 33484, 43250, 2180, 23063, 19967, 16310, 15420, 17516, 24370, 47859, 16272, 1827]
Doubling Rounds: 0
+-------------------------------------------------------+
|         DURATION FOR P = 1000: 0:51:06.815636         |
+-------------------------------------------------------+
+--------------------------------------------+
|         RUNNING LINUCB EXPERIMENTS         |
+--------------------------------------------+
+------------------------------------------+
|         RUNNING LAZY EXPERIMENTS         |
+------------------------------------------+
+----------------------------------------------------------+
|         Trying alpha = 0.3, lambda = 1, p = 1000         |
+----------------------------------------------------------+
+---------------------------------------------------------+
|         total reward earned from Linucb: 9248.0         |
+---------------------------------------------------------+
Num times selected each bandit: [91662, 48702, 66518, 14524, 39545, 52739, 71971, 163872, 46389, 53893, 75997, 1712, 58312, 70392, 69159, 91342, 75997, 73577, 69161, 75996, 72756, 19534, 90248, 158799, 69266, 245029, 91352, 91341, 76202, 72000, 0, 91623, 167325, 91121, 706155, 90803, 91887, 74216, 91335, 91528, 67436, 91662, 91772, 91884, 92073, 92073, 91970, 92074, 92987, 84081]
Doubling Rounds: 0
+-------------------------------------------------------+
|         DURATION FOR P = 1000: 1:30:26.094768         |
+-------------------------------------------------------+
+---------------------------------------------+
|         RUNNING NONLAZY EXPERIMENTS         |
+---------------------------------------------+
+----------------------------------------------------------+
|         Trying alpha = 0.3, lambda = 1, p = 1000         |
+----------------------------------------------------------+
+---------------------------------------------------------+
|         total reward earned from Linucb: 9160.0         |
+---------------------------------------------------------+
Num times selected each bandit: [0, 0, 4573, 0, 0, 0, 0, 1537, 259333, 0, 0, 0, 0, 0, 0, 0, 0, 0, 18423, 0, 0, 0, 4280727, 3586, 0, 3420, 0, 0, 0, 0, 0, 0, 2511, 0, 3105, 0, 0, 0, 0, 0, 0, 0, 0, 102530, 0, 0, 2247, 0, 0, 0]
Doubling Rounds: 0
+-------------------------------------------------------+
|         DURATION FOR P = 1000: 0:49:24.710687         |
+-------------------------------------------------------+
+----------------------------------------------+
|         RUNNING THOMPSON EXPERIMENTS         |
+----------------------------------------------+
+------------------------------------------------+
|         RUNNING SEQUENTIAL EXPERIMENTS         |
+------------------------------------------------+
Total reward earned from Thompson: 9364.0
Num times selected each bandit: [1588114, 705067, 361039, 0, 1, 90289, 664566, 261201, 19667, 2749, 682, 2223, 6371, 10379, 10670, 55362, 18, 19869, 48, 2676, 138, 1, 344611, 42906, 983, 69446, 15815, 14832, 15223, 10943, 0, 11915, 16863, 6790, 59053, 20485, 148842, 27783, 7168, 4434, 1567, 3942, 24613, 3925, 2962, 2843, 3426, 15047, 3300, 1145]
Doubling Rounds: 0
+-------------------------------------------------------+
|         DURATION FOR P = 1000: 1:24:51.994152         |
+-------------------------------------------------------+
+---------------------------------------------+
|         RUNNING NONLAZY EXPERIMENTS         |
+---------------------------------------------+
Total reward earned from Thompson: 8715.0
Num times selected each bandit: [734, 0, 726, 2, 0, 1, 1, 3150, 54, 233, 1882, 590, 7, 20, 28, 22, 20, 43, 731287, 575, 1337272, 14, 64241, 10921, 174, 5680, 25838, 1231014, 14774, 793420, 0, 23443, 1898, 19251, 2602, 106067, 23283, 15156, 34084, 43320, 2047, 23265, 20433, 16750, 15789, 18043, 25582, 49463, 16774, 2019]
Doubling Rounds: 0
+-------------------------------------------------------+
|         DURATION FOR P = 1000: 0:51:13.948057         |
+-------------------------------------------------------+
