+------------------------------------------+
|         RUNNING LAZY EXPERIMENTS         |
+------------------------------------------+
+-----------------------------------+
|         TRYING WITH P = 1         |
+-----------------------------------+
Total reward earned from Thompson: 9876.0
Num times selected each bandit: [1583534, 896524, 279327, 1626, 3, 205688, 254951, 34621, 1057, 8005, 110, 1, 567, 7203, 104, 60046, 118, 8538, 113, 190, 477, 15, 709825, 19962, 688, 150658, 23660, 13655, 14961, 8359, 0, 10495, 13368, 6380, 41190, 17372, 236912, 16037, 5754, 5560, 523, 3618, 3408, 3392, 2627, 2960, 2523, 23060, 1582, 645]
Doubling Rounds: 0
Total reward earned from Random: []
+----------------------------------------------------+
|         DURATION FOR P = 1: 5:01:40.887151         |
+----------------------------------------------------+
+------------------------------------+
|         TRYING WITH P = 10         |
+------------------------------------+
Total reward earned from Thompson: 9864.0
Num times selected each bandit: [1567579, 940214, 356341, 2307, 52982, 170154, 38500, 20875, 1160, 378, 413, 3, 463, 7514, 127, 25156, 180, 6951, 152, 291, 678, 49, 798970, 23203, 1145, 174796, 29506, 15439, 19965, 9919, 0, 12610, 15971, 7806, 44568, 17240, 235815, 21678, 6516, 6850, 619, 4156, 3939, 3933, 2855, 3107, 2832, 23597, 1816, 674]
Doubling Rounds: 0
Total reward earned from Random: []
+-----------------------------------------------------+
|         DURATION FOR P = 10: 4:26:45.300056         |
+-----------------------------------------------------+
+------------------------------------+
|         TRYING WITH P = 50         |
+------------------------------------+
Total reward earned from Thompson: 9937.0
Num times selected each bandit: [1598917, 954399, 354369, 5874, 7140, 181986, 68251, 7301, 27, 40, 404, 45, 360, 20154, 123, 35450, 180, 7730, 158, 280, 416, 38, 789427, 22283, 704, 166370, 24279, 12296, 14893, 8105, 0, 9869, 13338, 6071, 38084, 19807, 245774, 16661, 5279, 4593, 417, 3037, 2784, 2744, 2028, 2185, 1947, 23703, 1235, 437]
Doubling Rounds: 0
Total reward earned from Random: []
+-----------------------------------------------------+
|         DURATION FOR P = 50: 4:06:40.442449         |
+-----------------------------------------------------+
+-------------------------------------+
|         TRYING WITH P = 100         |
+-------------------------------------+
Total reward earned from Thompson: 9811.0
Num times selected each bandit: [1549801, 865908, 486603, 5662, 118019, 117298, 751, 3694, 33, 1277, 231, 33, 430, 19303, 173, 23653, 249, 6861, 240, 369, 742, 66, 789577, 22736, 1042, 167573, 32691, 16234, 20555, 10689, 0, 13174, 17212, 7999, 44825, 17467, 231317, 21967, 6795, 6713, 601, 4162, 3771, 3932, 2871, 2946, 2946, 28343, 1734, 724]
Doubling Rounds: 0
Total reward earned from Random: []
+------------------------------------------------------+
|         DURATION FOR P = 100: 4:12:11.494023         |
+------------------------------------------------------+
+-------------------------------------+
|         TRYING WITH P = 500         |
+-------------------------------------+
Total reward earned from Thompson: 9724.0
Num times selected each bandit: [1440443, 763662, 507682, 19303, 43470, 255463, 82175, 7930, 546, 55, 396, 148, 816, 6948, 157, 15995, 171, 14704, 181, 428, 925, 33, 744841, 25476, 2211, 143046, 53911, 26975, 38534, 17755, 0, 21066, 25356, 12895, 57015, 18979, 197154, 35742, 11083, 12268, 928, 6844, 6260, 6619, 4605, 4991, 4727, 37134, 2894, 1052]
Doubling Rounds: 0
Total reward earned from Random: []
+------------------------------------------------------+
|         DURATION FOR P = 500: 4:04:08.791736         |
+------------------------------------------------------+
+--------------------------------------+
|         TRYING WITH P = 1000         |
+--------------------------------------+
Total reward earned from Thompson: 9758.0
Num times selected each bandit: [1489398, 851034, 513333, 1498, 4, 126319, 245857, 37277, 17, 4812, 314, 2, 512, 5115, 98, 22232, 139, 8540, 148, 259, 632, 41, 673842, 21523, 1101, 153457, 36250, 18771, 22387, 11479, 0, 15356, 18466, 9609, 51874, 18499, 212670, 23313, 8890, 9798, 664, 5491, 5296, 5611, 4037, 4250, 4033, 33934, 2719, 1091]
Doubling Rounds: 0
Total reward earned from Random: []
+-------------------------------------------------------+
|         DURATION FOR P = 1000: 4:00:38.131957         |
+-------------------------------------------------------+
+--------------------------------------+
|         TRYING WITH P = 2000         |
+--------------------------------------+
Total reward earned from Thompson: 9894.0
Num times selected each bandit: [1550152, 907174, 394498, 1625, 17883, 187604, 85102, 10350, 2303, 2033, 112, 3, 562, 13924, 119, 22733, 119, 9398, 106, 300, 700, 33, 769614, 23391, 1199, 168297, 32888, 17113, 22987, 11524, 0, 13873, 17396, 8776, 46100, 17430, 234398, 23777, 7252, 7257, 670, 4469, 4089, 4168, 3097, 3155, 2978, 26696, 1862, 703]
Doubling Rounds: 0
Total reward earned from Random: []
+-------------------------------------------------------+
|         DURATION FOR P = 2000: 3:56:39.738243         |
+-------------------------------------------------------+
+--------------------------------------+
|         TRYING WITH P = 5000         |
+--------------------------------------+
Total reward earned from Thompson: 9858.0
Num times selected each bandit: [1582736, 929676, 380812, 4245, 56148, 170785, 28268, 23450, 23, 5406, 136, 7, 611, 8406, 120, 27162, 156, 10619, 155, 305, 659, 25, 773730, 23352, 1217, 168252, 29765, 15183, 19639, 10102, 0, 11731, 15882, 7395, 42706, 17398, 238712, 20079, 6267, 6027, 512, 3994, 3541, 3515, 2676, 2772, 2576, 22737, 1691, 631]
Doubling Rounds: 0
Total reward earned from Random: []
+-------------------------------------------------------+
|         DURATION FOR P = 5000: 3:53:38.738724         |
+-------------------------------------------------------+



+----------------------------------------------+
|         RUNNING NON-LAZY EXPERIMENTS         |
+----------------------------------------------+
+-----------------------------------+
|         TRYING WITH P = 1         |
+-----------------------------------+
Total reward earned from Thompson: 8919.0
Num times selected each bandit: [444, 6, 167, 2, 6, 16, 34, 804, 236, 299, 3127, 261, 40, 150, 912, 315, 245, 234, 752242, 896, 1333342, 160, 24216, 1143, 766, 2291, 39769, 1310950, 12833, 819239, 0, 19664, 221, 16541, 238, 120316, 17824, 13536, 16143, 46475, 1230, 45506, 13536, 9495, 8033, 7706, 7388, 25950, 5491, 1554]
Doubling Rounds: 0
Total reward earned from Random: []
+----------------------------------------------------+
|         DURATION FOR P = 1: 4:46:06.083504         |
+----------------------------------------------------+
+------------------------------------+
|         TRYING WITH P = 10         |
+------------------------------------+
Total reward earned from Thompson: 8920.0
Num times selected each bandit: [340, 11, 193, 3, 8, 30, 68, 769, 234, 234, 2320, 211, 62, 131, 678, 210, 197, 181, 741824, 570, 1331688, 114, 22836, 1105, 730, 2049, 34389, 1340612, 10768, 837008, 0, 16590, 214, 13706, 205, 120011, 15391, 11664, 13791, 45353, 1027, 41585, 11859, 8638, 7003, 7314, 7065, 24421, 5074, 1508]
Doubling Rounds: 0
Total reward earned from Random: []
+-----------------------------------------------------+
|         DURATION FOR P = 10: 2:56:48.845348         |
+-----------------------------------------------------+
+------------------------------------+
|         TRYING WITH P = 50         |
+------------------------------------+
Total reward earned from Thompson: 8999.0
Num times selected each bandit: [226, 17, 100, 2, 24, 51, 125, 867, 326, 384, 1905, 266, 157, 273, 484, 502, 427, 377, 721825, 850, 1322031, 92, 19037, 1260, 572, 1398, 26587, 1375076, 7872, 872951, 0, 12861, 141, 10807, 183, 118543, 11890, 10281, 10704, 43609, 850, 38911, 11190, 8181, 6730, 6961, 6657, 21678, 4155, 1596]
Doubling Rounds: 0
Total reward earned from Random: []
+-----------------------------------------------------+
|         DURATION FOR P = 50: 2:34:51.367498         |
+-----------------------------------------------------+
+-------------------------------------+
|         TRYING WITH P = 100         |
+-------------------------------------+
Total reward earned from Thompson: 8827.0
Num times selected each bandit: [395, 36, 220, 6, 34, 68, 208, 1148, 432, 583, 3044, 281, 208, 493, 952, 863, 662, 665, 740065, 1272, 1344536, 147, 28844, 1748, 898, 2496, 43386, 1283273, 12925, 807107, 0, 20831, 281, 17404, 247, 117678, 19500, 14646, 16989, 44586, 1181, 55027, 15539, 11658, 9489, 9726, 9438, 32101, 6649, 2027]
Doubling Rounds: 0
Total reward earned from Random: []
+------------------------------------------------------+
|         DURATION FOR P = 100: 2:42:41.737727         |
+------------------------------------------------------+
+-------------------------------------+
|         TRYING WITH P = 500         |
+-------------------------------------+
Total reward earned from Thompson: 8600.0
Num times selected each bandit: [678, 4, 323, 3, 10, 10, 45, 1389, 327, 285, 3682, 469, 47, 130, 535, 244, 189, 178, 741571, 945, 1388457, 105, 40516, 2611, 872, 3685, 63221, 1137338, 18412, 744081, 0, 31116, 1132, 26669, 928, 112389, 28839, 22261, 27375, 45658, 2009, 81680, 25405, 19336, 15523, 15656, 15646, 47193, 10017, 2798]
Doubling Rounds: 0
Total reward earned from Random: []
+------------------------------------------------------+
|         DURATION FOR P = 500: 2:37:29.228220         |
+------------------------------------------------------+
+--------------------------------------+
|         TRYING WITH P = 1000         |
+--------------------------------------+
Total reward earned from Thompson: 8778.0
Num times selected each bandit: [472, 3, 3520, 3, 2, 10, 33, 3122, 289, 249, 2992, 437, 34, 94, 501, 157, 135, 119, 733373, 797, 1367051, 82, 35270, 5240, 760, 5888, 52062, 1208204, 15166, 771975, 0, 25494, 3243, 21435, 2052, 113494, 23498, 18348, 21760, 45062, 1631, 68868, 20889, 15763, 12762, 13404, 15622, 39484, 8405, 2738]
Doubling Rounds: 0
Total reward earned from Random: []
+-------------------------------------------------------+
|         DURATION FOR P = 1000: 2:33:35.203443         |
+-------------------------------------------------------+
+--------------------------------------+
|         TRYING WITH P = 2000         |
+--------------------------------------+
Total reward earned from Thompson: 8472.0
Num times selected each bandit: [465, 6, 258610, 1, 7, 18, 30, 11665, 233, 182, 2818, 256, 39, 68, 445, 133, 92, 84, 710454, 749, 1336824, 78, 24961, 8239, 589, 13829, 40536, 1266707, 11152, 572753, 0, 19076, 7351, 16905, 6365, 113291, 17832, 15443, 17884, 45791, 1388, 57498, 17176, 12721, 9768, 10658, 11795, 30628, 6516, 1883]
Doubling Rounds: 0
Total reward earned from Random: []
+-------------------------------------------------------+
|         DURATION FOR P = 2000: 2:29:03.819115         |
+-------------------------------------------------------+
+--------------------------------------+
|         TRYING WITH P = 5000         |
+--------------------------------------+
Total reward earned from Thompson: 8598.0
Num times selected each bandit: [434, 7, 911692, 0, 4, 6, 23, 41391, 200, 152, 1890, 40, 21, 46, 413, 141, 70, 64, 653863, 672, 1014516, 44, 12610, 55252, 389, 68563, 27420, 1328076, 6570, 192438, 0, 13673, 2642, 12312, 6384, 113108, 12417, 11407, 13411, 54390, 1195, 42802, 12733, 10463, 6976, 9180, 9860, 24990, 5564, 1478]
Doubling Rounds: 0
Total reward earned from Random: []
+-------------------------------------------------------+
|         DURATION FOR P = 5000: 2:25:41.718066         |
+-------------------------------------------------------+
